This is pdfTeX, Version 3.1415926-1.40.10 (MiKTeX 2.8) (preloaded format=latex 2010.9.21)  13 OCT 2010 18:32
entering extended mode
**thesis.tex
("C:\Users\Itamar\Documents\Thesis\Differential Doppler\thesis.tex"
LaTeX2e <2009/09/24>
Babel <v3.8l> and hyphenation patterns for english, dumylang, nohyphenation, ge
rman, ngerman, german-x-2009-06-19, ngerman-x-2009-06-19, french, loaded.
("C:\Program Files\MiKTeX 2.8b\tex\latex\base\report.cls"
Document Class: report 2007/10/19 v1.4h Standard LaTeX document class
("C:\Program Files\MiKTeX 2.8b\tex\latex\base\size10.clo"
File: size10.clo 2007/10/19 v1.4h Standard LaTeX file (size option)
)
\c@part=\count79
\c@chapter=\count80
\c@section=\count81
\c@subsection=\count82
\c@subsubsection=\count83
\c@paragraph=\count84
\c@subparagraph=\count85
\c@figure=\count86
\c@table=\count87
\abovecaptionskip=\skip41
\belowcaptionskip=\skip42
\bibindent=\dimen102
)
("C:\Program Files\MiKTeX 2.8b\tex\latex\base\inputenc.sty"
Package: inputenc 2008/03/30 v1.1d Input encoding file
\inpenc@prehook=\toks14
\inpenc@posthook=\toks15

("C:\Program Files\MiKTeX 2.8b\tex\latex\base\latin1.def"
File: latin1.def 2008/03/30 v1.1d Input encoding file
))
("C:\Program Files\MiKTeX 2.8b\tex\latex\ams\math\amsmath.sty"
Package: amsmath 2000/07/18 v2.13 AMS math features
\@mathmargin=\skip43

For additional information on amsmath, use the `?' option.
("C:\Program Files\MiKTeX 2.8b\tex\latex\ams\math\amstext.sty"
Package: amstext 2000/06/29 v2.01

("C:\Program Files\MiKTeX 2.8b\tex\latex\ams\math\amsgen.sty"
File: amsgen.sty 1999/11/30 v2.0
\@emptytoks=\toks16
\ex@=\dimen103
))
("C:\Program Files\MiKTeX 2.8b\tex\latex\ams\math\amsbsy.sty"
Package: amsbsy 1999/11/29 v1.2d
\pmbraise@=\dimen104
)
("C:\Program Files\MiKTeX 2.8b\tex\latex\ams\math\amsopn.sty"
Package: amsopn 1999/12/14 v2.01 operator names
)
\inf@bad=\count88
LaTeX Info: Redefining \frac on input line 211.
\uproot@=\count89
\leftroot@=\count90
LaTeX Info: Redefining \overline on input line 307.
\classnum@=\count91
\DOTSCASE@=\count92
LaTeX Info: Redefining \ldots on input line 379.
LaTeX Info: Redefining \dots on input line 382.
LaTeX Info: Redefining \cdots on input line 467.
\Mathstrutbox@=\box26
\strutbox@=\box27
\big@size=\dimen105
LaTeX Font Info:    Redeclaring font encoding OML on input line 567.
LaTeX Font Info:    Redeclaring font encoding OMS on input line 568.
\macc@depth=\count93
\c@MaxMatrixCols=\count94
\dotsspace@=\muskip10
\c@parentequation=\count95
\dspbrk@lvl=\count96
\tag@help=\toks17
\row@=\count97
\column@=\count98
\maxfields@=\count99
\andhelp@=\toks18
\eqnshift@=\dimen106
\alignsep@=\dimen107
\tagshift@=\dimen108
\tagwidth@=\dimen109
\totwidth@=\dimen110
\lineht@=\dimen111
\@envbody=\toks19
\multlinegap=\skip44
\multlinetaggap=\skip45
\mathdisplay@stack=\toks20
LaTeX Info: Redefining \[ on input line 2666.
LaTeX Info: Redefining \] on input line 2667.
)
("C:\Program Files\MiKTeX 2.8b\tex\latex\amsfonts\amsfonts.sty"
Package: amsfonts 2009/06/22 v3.00 Basic AMSFonts support
\symAMSa=\mathgroup4
\symAMSb=\mathgroup5
LaTeX Font Info:    Overwriting math alphabet `\mathfrak' in version `bold'
(Font)                  U/euf/m/n --> U/euf/b/n on input line 96.
)
("C:\Program Files\MiKTeX 2.8b\tex\latex\amsfonts\amssymb.sty"
Package: amssymb 2009/06/22 v3.00
)
("C:\Program Files\MiKTeX 2.8b\tex\latex\graphics\graphicx.sty"
Package: graphicx 1999/02/16 v1.0f Enhanced LaTeX Graphics (DPC,SPQR)

("C:\Program Files\MiKTeX 2.8b\tex\latex\graphics\keyval.sty"
Package: keyval 1999/03/16 v1.13 key=value parser (DPC)
\KV@toks@=\toks21
)
("C:\Program Files\MiKTeX 2.8b\tex\latex\graphics\graphics.sty"
Package: graphics 2009/02/05 v1.0o Standard LaTeX Graphics (DPC,SPQR)

("C:\Program Files\MiKTeX 2.8b\tex\latex\graphics\trig.sty"
Package: trig 1999/03/16 v1.09 sin cos tan (DPC)
)
("C:\Program Files\MiKTeX 2.8b\tex\latex\00miktex\graphics.cfg"
File: graphics.cfg 2007/01/18 v1.5 graphics configuration of teTeX/TeXLive
)
Package graphics Info: Driver file: dvips.def on input line 91.

("C:\Program Files\MiKTeX 2.8b\tex\latex\graphics\dvips.def"
File: dvips.def 1999/02/16 v3.0i Driver-dependant file (DPC,SPQR)
))
\Gin@req@height=\dimen112
\Gin@req@width=\dimen113
)
("C:\Users\Itamar\Documents\Thesis\Differential Doppler\thesis.aux")
LaTeX Font Info:    Checking defaults for OML/cmm/m/it on input line 9.
LaTeX Font Info:    ... okay on input line 9.
LaTeX Font Info:    Checking defaults for T1/cmr/m/n on input line 9.
LaTeX Font Info:    ... okay on input line 9.
LaTeX Font Info:    Checking defaults for OT1/cmr/m/n on input line 9.
LaTeX Font Info:    ... okay on input line 9.
LaTeX Font Info:    Checking defaults for OMS/cmsy/m/n on input line 9.
LaTeX Font Info:    ... okay on input line 9.
LaTeX Font Info:    Checking defaults for OMX/cmex/m/n on input line 9.
LaTeX Font Info:    ... okay on input line 9.
LaTeX Font Info:    Checking defaults for U/cmr/m/n on input line 9.
LaTeX Font Info:    ... okay on input line 9.
LaTeX Font Info:    Try loading font information for U+msa on input line 15.

("C:\Program Files\MiKTeX 2.8b\tex\latex\amsfonts\umsa.fd"
File: umsa.fd 2009/06/22 v3.00 AMS symbols A
)
LaTeX Font Info:    Try loading font information for U+msb on input line 15.

("C:\Program Files\MiKTeX 2.8b\tex\latex\amsfonts\umsb.fd"
File: umsb.fd 2009/06/22 v3.00 AMS symbols B
) [1

]
Underfull \hbox (badness 10000) in paragraph at lines 18--19

 []

LaTeX Font Info:    Try loading font information for OMS+cmr on input line 22.
("C:\Program Files\MiKTeX 2.8b\tex\latex\base\omscmr.fd"
File: omscmr.fd 1999/05/25 v2.5h Standard LaTeX font definitions
)
LaTeX Font Info:    Font shape `OMS/cmr/m/n' in size <10> not available
(Font)              Font shape `OMS/cmsy/m/n' tried instead on input line 22.
 [1]
("C:\Users\Itamar\Documents\Thesis\Differential Doppler\thesis.toc" [1

])
\tf@toc=\write3

[2] ("C:\Users\Itamar\Documents\Thesis\Differential Doppler\thesis.lof")
\tf@lof=\write4

[3

]
Chapter 1.

Underfull \hbox (badness 10000) in paragraph at lines 45--47

 []


Underfull \hbox (badness 10000) in paragraph at lines 48--49

 []


Underfull \hbox (badness 10000) in paragraph at lines 50--51

 []


Underfull \hbox (badness 10000) in paragraph at lines 52--53

 []

[4

]
Underfull \hbox (badness 10000) in paragraph at lines 54--55

 []


Underfull \hbox (badness 10000) in paragraph at lines 56--57

 []


Underfull \hbox (badness 10000) in paragraph at lines 64--65

 []

[5]
Underfull \hbox (badness 10000) in paragraph at lines 88--92

 []


Underfull \hbox (badness 10000) in paragraph at lines 93--95

 []


Underfull \hbox (badness 10000) in paragraph at lines 96--99

 []


Underfull \hbox (badness 10000) in paragraph at lines 100--101

 []


Underfull \hbox (badness 10000) in paragraph at lines 102--103

 []


Underfull \hbox (badness 10000) in paragraph at lines 104--105

 []

[6]
Underfull \hbox (badness 10000) in paragraph at lines 132--135

 []


Underfull \hbox (badness 10000) in paragraph at lines 136--138

 []


Underfull \hbox (badness 10000) in paragraph at lines 139--141

 []


Underfull \hbox (badness 10000) in paragraph at lines 142--143

 []

[7]
Underfull \hbox (badness 10000) in paragraph at lines 144--145

 []


Underfull \hbox (badness 10000) in paragraph at lines 149--151

 []


Underfull \hbox (badness 10000) in paragraph at lines 159--161

 []

[8]
Underfull \hbox (badness 10000) in paragraph at lines 181--182

 []


Underfull \hbox (badness 10000) in paragraph at lines 183--188

 []


Underfull \hbox (badness 10000) in paragraph at lines 189--190

 []


Underfull \hbox (badness 10000) in paragraph at lines 191--193

 []

[9]
Chapter 2.

Underfull \hbox (badness 10000) in paragraph at lines 201--202

 []


Underfull \hbox (badness 10000) in paragraph at lines 210--211

 []

File: fig1.jpg Graphic file (type eps)
<fig1.jpg>

LaTeX Warning: `h' float specifier changed to `ht'.


Underfull \hbox (badness 10000) in paragraph at lines 248--250

 []

[10

]
Underfull \hbox (badness 10000) in paragraph at lines 251--252

 []


Underfull \hbox (badness 10000) in paragraph at lines 256--257

 []

[11] [12]
Underfull \hbox (badness 10000) in paragraph at lines 343--345

 []

[13] [14]
Chapter 3.
[15

]
Overfull \hbox (15.92334pt too wide) in alignment at lines 513--519
 [][][] []
 []

[16]
Overfull \hbox (6.37354pt too wide) in alignment at lines 544--550
 [][][] []
 []

[17]
Underfull \hbox (badness 10000) in paragraph at lines 580--584

 []

[18]
Overfull \hbox (15.92334pt too wide) in alignment at lines 632--638
 [][][] []
 []


Overfull \hbox (6.37354pt too wide) in alignment at lines 659--664
 [][][] []
 []

[19] [20] [21] [22]
Overfull \hbox (18.81302pt too wide) in paragraph at lines 864--864
[]\OT1/cmr/bx/n/14.4 Performance Anal-y-sis for Known Nar-row Band
 []

[23]
Chapter 4.
[24

]
Chapter 5.

Underfull \hbox (badness 10000) in paragraph at lines 884--895

 []

[25

]
Underfull \hbox (badness 10000) in paragraph at lines 913--918

 []


Underfull \hbox (badness 10000) in paragraph at lines 932--934

 []

[26]
Overfull \hbox (35.81822pt too wide) in paragraph at lines 986--990
\OMS/cmsy/m/n/10 r\OML/cmm/m/it/10 g\OT1/cmr/m/n/10 (\OT1/cmr/bx/n/10 x[]\OT1/c
mr/m/n/10 )\OML/cmm/m/it/10 g\OT1/cmr/m/n/10 (\OT1/cmr/bx/n/10 x[]\OT1/cmr/m/n/
10 )$ is the gra-di-ent at $\OT1/cmr/bx/n/10 x[]$ \OT1/cmr/m/n/10 of the cost f
unc-tion $[]\OMS/cmsy/m/n/10 k\OML/cmm/m/it/10 g\OT1/cmr/m/n/10 (\OT1/cmr/bx/n/
10 x\OT1/cmr/m/n/10 )\OMS/cmsy/m/n/10 k[]$ \OT1/cmr/m/n/10 and $[][]$
 []


Underfull \hbox (badness 10000) in paragraph at lines 1002--1003

 []

[27] [28] [29]
Underfull \hbox (badness 10000) in paragraph at lines 1137--1143

 []


Underfull \hbox (badness 10000) in paragraph at lines 1151--1154

 []

[30]
Chapter 6.

Underfull \hbox (badness 10000) in paragraph at lines 1193--1195

 []


Underfull \hbox (badness 10000) in paragraph at lines 1197--1199

 []

[31

] [32]
Overfull \hbox (9.3214pt too wide) detected at line 1302
[]\OT1/cmr/m/n/10 ([]) = [][] = [] = \OML/cmm/m/it/10 cos[]
 []


Overfull \hbox (4.68556pt too wide) detected at line 1306
[][] \OT1/cmr/m/n/10 = [][] = [] = \OML/cmm/m/it/10 sin[]
 []

[33] [34]
Overfull \hbox (108.39145pt too wide) in alignment at lines 1427--1430
 [][][] []
 []

[35]
Overfull \hbox (8.30203pt too wide) in alignment at lines 1442--1446
 [][][] []
 []

[36]
Overfull \hbox (52.45322pt too wide) in alignment at lines 1489--1496
 [][][] []
 []


Overfull \hbox (30.22539pt too wide) in alignment at lines 1498--1506
 [][][] []
 []

[37] [38]
Chapter 7.
[39

]
Chapter 8.
("C:\Users\Itamar\Documents\Thesis\Differential Doppler\thesis.bbl" [40

])
[41

] ("C:\Users\Itamar\Documents\Thesis\Differential Doppler\thesis.aux") ) 
Here is how much of TeX's memory you used:
 1589 strings out of 495286
 19236 string characters out of 3180328
 80916 words of memory out of 3000000
 4783 multiletter control sequences out of 15000+200000
 19596 words of font info for 75 fonts, out of 3000000 for 9000
 14 hyphenation exceptions out of 8191
 27i,12n,24p,850b,228s stack positions out of 5000i,500n,10000p,200000b,50000s

Output written on thesis.dvi (43 pages, 155908 bytes).
