\BOOKMARK [0][-]{dummy.1}{\376\377\000A\000b\000s\000t\000r\000a\000c\000t}{}% 1
\BOOKMARK [0][-]{dummy.2}{\376\377\000A\000c\000k\000n\000o\000w\000l\000e\000d\000g\000e\000m\000e\000n\000t\000s}{}% 2
\BOOKMARK [0][-]{dummy.4}{\376\377\000L\000i\000s\000t\000\040\000o\000f\000\040\000F\000i\000g\000u\000r\000e\000s}{}% 3
\BOOKMARK [0][-]{dummy.6}{\376\377\000A\000b\000b\000r\000e\000v\000i\000a\000t\000i\000o\000n\000s}{}% 4
\BOOKMARK [0][-]{dummy.9}{\376\377\000S\000y\000m\000b\000o\000l\000s}{}% 5
\BOOKMARK [0][-]{chapter.12}{\376\377\0001\000\040\000I\000n\000t\000r\000o\000d\000u\000c\000t\000i\000o\000n\000\040\000a\000n\000d\000\040\000L\000i\000t\000e\000r\000a\000t\000u\000r\000e\000\040\000S\000u\000r\000v\000e\000y}{}% 6
\BOOKMARK [1][-]{section.13}{\376\377\0001\000.\0001\000\040\000T\000w\000o\000-\000S\000t\000e\000p\000\040\000L\000o\000c\000a\000l\000i\000z\000a\000t\000i\000o\000n\000\040\000M\000e\000t\000h\000o\000d\000s}{chapter.12}% 7
\BOOKMARK [2][-]{subsection.14}{\376\377\0001\000.\0001\000.\0001\000\040\000E\000x\000t\000r\000a\000c\000t\000i\000n\000g\000\040\000T\000D\000O\000A\000\040\000a\000n\000d\000\040\000F\000D\000O\000A\000\040\000m\000e\000a\000s\000u\000r\000e\000m\000e\000n\000t\000s}{section.13}% 8
\BOOKMARK [2][-]{subsection.19}{\376\377\0001\000.\0001\000.\0002\000\040\000T\000O\000A\000\040\000a\000n\000d\000\040\000T\000D\000O\000A\000\040\000B\000a\000s\000e\000d\000\040\000P\000a\000s\000s\000i\000v\000e\000\040\000G\000e\000o\000l\000o\000c\000a\000t\000i\000o\000n}{section.13}% 9
\BOOKMARK [2][-]{subsection.28}{\376\377\0001\000.\0001\000.\0003\000\040\000F\000O\000A\000\040\000a\000n\000d\000\040\000F\000D\000O\000A\000\040\000B\000a\000s\000e\000d\000\040\000P\000a\000s\000s\000i\000v\000e\000\040\000G\000e\000o\000l\000o\000c\000a\000t\000i\000o\000n}{section.13}% 10
\BOOKMARK [2][-]{subsection.42}{\376\377\0001\000.\0001\000.\0004\000\040\000T\000D\000O\000A\000-\000F\000D\000O\000A\000\040\000B\000a\000s\000e\000d\000\040\000P\000a\000s\000s\000i\000v\000e\000\040\000G\000e\000o\000l\000o\000c\000a\000t\000i\000o\000n}{section.13}% 11
\BOOKMARK [1][-]{section.45}{\376\377\0001\000.\0002\000\040\000D\000P\000D\000\040\000A\000l\000g\000o\000r\000i\000t\000h\000m\000\040\000C\000o\000n\000c\000e\000p\000t\000s}{chapter.12}% 12
\BOOKMARK [1][-]{section.46}{\376\377\0001\000.\0003\000\040\000O\000u\000t\000l\000i\000n\000e}{chapter.12}% 13
\BOOKMARK [0][-]{chapter.47}{\376\377\0002\000\040\000P\000r\000o\000b\000l\000e\000m\000\040\000F\000o\000r\000m\000u\000l\000a\000t\000i\000o\000n}{}% 14
\BOOKMARK [1][-]{section.48}{\376\377\0002\000.\0001\000\040\000G\000e\000n\000e\000r\000a\000l}{chapter.47}% 15
\BOOKMARK [1][-]{section.55}{\376\377\0002\000.\0002\000\040\000N\000a\000r\000r\000o\000w\000-\000B\000a\000n\000d\000\040\000T\000i\000m\000e\000\040\000D\000o\000m\000a\000i\000n\000\040\000A\000n\000a\000l\000y\000s\000i\000s}{chapter.47}% 16
\BOOKMARK [2][-]{subsection.56}{\376\377\0002\000.\0002\000.\0001\000\040\000D\000e\000f\000i\000n\000i\000t\000i\000o\000n\000s}{section.55}% 17
\BOOKMARK [2][-]{subsection.62}{\376\377\0002\000.\0002\000.\0002\000\040\000M\000L\000\040\000E\000s\000t\000i\000m\000a\000t\000o\000r}{section.55}% 18
\BOOKMARK [1][-]{section.75}{\376\377\0002\000.\0003\000\040\000W\000i\000d\000e\000-\000B\000a\000n\000d\000\040\000T\000i\000m\000e\000\040\000D\000o\000m\000a\000i\000n\000\040\000A\000n\000a\000l\000y\000s\000i\000s}{chapter.47}% 19
\BOOKMARK [2][-]{subsection.76}{\376\377\0002\000.\0003\000.\0001\000\040\000D\000e\000f\000i\000n\000i\000t\000i\000o\000n\000s}{section.75}% 20
\BOOKMARK [2][-]{subsection.82}{\376\377\0002\000.\0003\000.\0002\000\040\000M\000L\000\040\000e\000s\000t\000i\000m\000a\000t\000o\000r}{section.75}% 21
\BOOKMARK [0][-]{chapter.95}{\376\377\0003\000\040\000E\000x\000p\000l\000o\000r\000i\000n\000g\000\040\000t\000h\000e\000\040\000c\000o\000s\000t\000\040\000f\000u\000n\000c\000t\000i\000o\000n\000\040\000L\0002}{}% 22
\BOOKMARK [1][-]{section.96}{\376\377\0003\000.\0001\000\040\000Z\000e\000r\000o\000\040\000N\000o\000i\000s\000e\000\040\000A\000n\000a\000l\000y\000s\000i\000s\000\040\000-\000\040\000S\000i\000m\000p\000l\000i\000f\000i\000e\000d\000\040\000S\000c\000e\000n\000a\000r\000i\000o}{chapter.95}% 23
\BOOKMARK [1][-]{section.103}{\376\377\0003\000.\0002\000\040\000N\000o\000i\000s\000y\000\040\000A\000n\000a\000l\000y\000s\000i\000s\000\040\000-\000\040\000S\000i\000m\000p\000l\000i\000f\000i\000e\000d\000\040\000S\000c\000e\000n\000a\000r\000i\000o}{chapter.95}% 24
\BOOKMARK [1][-]{section.113}{\376\377\0003\000.\0003\000\040\000Z\000e\000r\000o\000\040\000N\000o\000i\000s\000e\000\040\000A\000n\000a\000l\000y\000s\000i\000s\000\040\000-\000\040\000F\000u\000l\000l\000\040\000s\000c\000e\000n\000a\000r\000i\000o}{chapter.95}% 25
\BOOKMARK [1][-]{section.120}{\376\377\0003\000.\0004\000\040\000N\000o\000i\000s\000y\000\040\000A\000n\000a\000l\000y\000s\000i\000s\000\040\000-\000\040\000F\000u\000l\000l\000\040\000S\000c\000e\000n\000a\000r\000i\000o}{chapter.95}% 26
\BOOKMARK [1][-]{section.126}{\376\377\0003\000.\0005\000\040\000E\000x\000p\000r\000e\000s\000s\000i\000o\000n\000\040\000F\000o\000r\000\040\000L\0002\000v\000x\000\040\000a\000n\000d\000\040\000L\0002\000v\000y}{chapter.95}% 27
\BOOKMARK [1][-]{section.144}{\376\377\0003\000.\0006\000\040\000E\000x\000p\000r\000e\000s\000s\000i\000o\000n\000\040\000F\000o\000r\000\040\000L\0002\000x\000\040\000a\000n\000d\000\040\000L\0002\000y\000\040\000f\000o\000r\000\040\000N\000a\000r\000r\000o\000w\000-\000B\000a\000n\000d\000\040\000s\000i\000g\000n\000a\000l\000s}{chapter.95}% 28
\BOOKMARK [1][-]{section.150}{\376\377\0003\000.\0007\000\040\000E\000x\000p\000r\000e\000s\000s\000i\000o\000n\000\040\000F\000o\000r\000\040\000L\0002\000x\000\040\000a\000n\000d\000\040\000L\0002\000y\000\040\000f\000o\000r\000\040\000W\000i\000d\000e\000-\000B\000a\000n\000d\000\040\000s\000i\000g\000n\000a\000l\000s}{chapter.95}% 29
\BOOKMARK [1][-]{section.159}{\376\377\0003\000.\0008\000\040\000P\000e\000a\000k\000\040\000S\000i\000z\000e\000\040\000A\000p\000p\000r\000o\000x\000i\000m\000a\000t\000i\000o\000n}{chapter.95}% 30
\BOOKMARK [0][-]{chapter.170}{\376\377\0004\000\040\000L\000o\000c\000a\000t\000i\000o\000n\000\040\000A\000l\000g\000o\000r\000i\000t\000h\000m\000s}{}% 31
\BOOKMARK [1][-]{section.171}{\376\377\0004\000.\0001\000\040\000G\000e\000n\000e\000r\000a\000l}{chapter.170}% 32
\BOOKMARK [1][-]{section.172}{\376\377\0004\000.\0002\000\040\000K\000n\000o\000w\000n\000\040\000N\000a\000r\000r\000o\000w\000\040\000B\000a\000n\000d\000\040\000S\000i\000g\000n\000a\000l\000s}{chapter.170}% 33
\BOOKMARK [2][-]{subsection.173}{\376\377\0004\000.\0002\000.\0001\000\040\000S\000t\000e\000e\000p\000e\000s\000t\000\040\000D\000e\000s\000c\000e\000n\000t\000\040\000M\000e\000t\000h\000o\000d}{section.172}% 34
\BOOKMARK [2][-]{subsection.176}{\376\377\0004\000.\0002\000.\0002\000\040\000G\000a\000u\000s\000s\000-\000N\000e\000w\000t\000o\000n\000\040\000M\000e\000t\000h\000o\000d}{section.172}% 35
\BOOKMARK [1][-]{section.182}{\376\377\0004\000.\0003\000\040\000K\000n\000o\000w\000n\000\040\000W\000i\000d\000e\000\040\000B\000a\000n\000d\000\040\000S\000i\000g\000n\000a\000l\000s}{chapter.170}% 36
\BOOKMARK [2][-]{subsection.183}{\376\377\0004\000.\0003\000.\0001\000\040\000S\000t\000e\000e\000p\000e\000s\000t\000\040\000D\000e\000s\000c\000e\000n\000t\000\040\000M\000e\000t\000h\000o\000d}{section.182}% 37
\BOOKMARK [2][-]{subsection.184}{\376\377\0004\000.\0003\000.\0002\000\040\000G\000a\000u\000s\000s\000-\000N\000e\000w\000t\000o\000n\000\040\000M\000e\000t\000h\000o\000d}{section.182}% 38
\BOOKMARK [1][-]{section.193}{\376\377\0004\000.\0004\000\040\000U\000n\000k\000n\000o\000w\000n\000\040\000S\000i\000g\000n\000a\000l\000s}{chapter.170}% 39
\BOOKMARK [1][-]{section.194}{\376\377\0004\000.\0005\000\040\000A\000p\000p\000l\000y\000i\000n\000g\000\040\000t\000h\000e\000\040\000E\000x\000t\000e\000n\000d\000e\000d\000\040\000K\000a\000l\000m\000a\000n\000\040\000F\000i\000l\000t\000e\000r}{chapter.170}% 40
\BOOKMARK [0][-]{chapter.207}{\376\377\0005\000\040\000C\000R\000A\000M\000E\000R\000-\000R\000A\000O\000\040\000L\000o\000w\000e\000r\000\040\000B\000o\000u\000n\000d}{}% 41
\BOOKMARK [1][-]{section.208}{\376\377\0005\000.\0001\000\040\000G\000e\000n\000e\000r\000a\000l\000\040\000C\000R\000A\000M\000E\000R\000-\000R\000A\000O\000\040\000L\000o\000w\000e\000r\000\040\000B\000o\000u\000n\000d\000\040\000F\000o\000r\000m\000u\000l\000a\000t\000i\000o\000n}{chapter.207}% 42
\BOOKMARK [2][-]{subsection.216}{\376\377\0005\000.\0001\000.\0001\000\040\000m\000f\000\040\000d\000e\000r\000i\000v\000a\000t\000i\000o\000n\000:}{section.208}% 43
\BOOKMARK [2][-]{subsection.221}{\376\377\0005\000.\0001\000.\0002\000\040\000m\000T\000\040\000d\000e\000r\000i\000v\000a\000t\000i\000o\000n\000:}{section.208}% 44
\BOOKMARK [2][-]{subsection.226}{\376\377\0005\000.\0001\000.\0003\000\040\000f\000x\000,\000\040\000f\000y\000,\000\040\000f\000v\000x\000,\000\040\000f\000v\000y\000\040\000d\000e\000r\000i\000v\000a\000t\000i\000o\000n\000:}{section.208}% 45
\BOOKMARK [2][-]{subsection.233}{\376\377\0005\000.\0001\000.\0004\000\040\000T\000x\000,\000\040\000T\000y\000,\000\040\000T\000v\000x\000,\000\040\000T\000v\000y\000\040\000d\000e\000r\000i\000v\000a\000t\000i\000o\000n\000:}{section.208}% 46
\BOOKMARK [2][-]{subsection.246}{\376\377\0005\000.\0001\000.\0005\000\040\000m\000v\000x\000,\000m\000v\000y\000\040\000d\000e\000r\000i\000v\000a\000t\000i\000o\000n}{section.208}% 47
\BOOKMARK [2][-]{subsection.249}{\376\377\0005\000.\0001\000.\0006\000\040\000m\000x\000,\000m\000y\000\040\000d\000e\000r\000i\000v\000a\000t\000i\000o\000n}{section.208}% 48
\BOOKMARK [1][-]{section.252}{\376\377\0005\000.\0002\000\040\000E\000x\000p\000r\000e\000s\000s\000i\000o\000n\000\040\000f\000o\000r\000\040\000[\000J\000]\000v\000x\000\040\000v\000x\000\040\000a\000n\000d\000\040\000[\000J\000]\000v\000y\000\040\000v\000y\000\040}{chapter.207}% 49
\BOOKMARK [1][-]{section.257}{\376\377\0005\000.\0003\000\040\000E\000x\000p\000r\000e\000s\000s\000i\000o\000n\000\040\000f\000o\000r\000\040\000[\000J\000]\000x\000\040\000x\000\040\000a\000n\000d\000\040\000[\000J\000]\000y\000\040\000y\000\040}{chapter.207}% 50
\BOOKMARK [1][-]{section.267}{\376\377\0005\000.\0004\000\040\000E\000x\000p\000r\000e\000s\000s\000i\000o\000n\000\040\000f\000o\000r\000\040\000[\000J\000]\000x\000\040\000v\000x\000\040\000,\000[\000J\000]\000y\000\040\000v\000y\000,\000[\000J\000]\000x\000\040\000v\000y\000\040\000\040\000a\000n\000d\000\040\000[\000J\000]\000y\000\040\000v\000x\000\040}{chapter.207}% 51
\BOOKMARK [1][-]{section.273}{\376\377\0005\000.\0005\000\040\000E\000x\000p\000r\000e\000s\000s\000i\000o\000n\000\040\000f\000o\000r\000\040\000[\000J\000]\000x\000\040\000y\000\040\000a\000n\000d\000\040\000[\000J\000]\000v\000x\000\040\000v\000y\000\040}{chapter.207}% 52
\BOOKMARK [0][-]{chapter.278}{\376\377\0006\000\040\000N\000u\000m\000e\000r\000i\000c\000a\000l\000\040\000R\000e\000s\000u\000l\000t\000s}{}% 53
\BOOKMARK [1][-]{section.279}{\376\377\0006\000.\0001\000\040\000G\000e\000n\000e\000r\000a\000l}{chapter.278}% 54
\BOOKMARK [1][-]{section.280}{\376\377\0006\000.\0002\000\040\000P\000e\000r\000f\000o\000r\000m\000a\000n\000c\000e\000\040\000v\000s\000.\000\040\000S\000N\000R\000\040\000-\000\040\000C\000i\000r\000c\000u\000l\000a\000r\000\040\000R\000e\000c\000e\000i\000v\000e\000r\000s\000\040\000A\000r\000r\000a\000y\000,\000\040\000P\000u\000l\000s\000e\000\040\000S\000i\000g\000n\000a\000l}{chapter.278}% 55
\BOOKMARK [1][-]{section.287}{\376\377\0006\000.\0003\000\040\000P\000e\000r\000f\000o\000r\000m\000a\000n\000c\000e\000\040\000v\000s\000.\000\040\000S\000N\000R\000\040\000-\000\040\000C\000i\000r\000c\000u\000l\000a\000r\000\040\000R\000e\000c\000e\000i\000v\000e\000r\000s\000\040\000A\000r\000r\000a\000y\000,\000\040\000R\000a\000n\000d\000o\000m\000\040\000S\000i\000g\000n\000a\000l}{chapter.278}% 56
\BOOKMARK [1][-]{section.293}{\376\377\0006\000.\0004\000\040\000P\000e\000r\000f\000o\000r\000m\000a\000n\000c\000e\000\040\000v\000s\000.\000\040\000S\000N\000R\000\040\000-\000\040\000L\000i\000n\000e\000a\000r\000\040\000R\000e\000c\000e\000i\000v\000e\000r\000s\000\040\000A\000r\000r\000a\000y\000,\000\040\000P\000u\000l\000s\000e\000\040\000S\000i\000g\000n\000a\000l}{chapter.278}% 57
\BOOKMARK [1][-]{section.298}{\376\377\0006\000.\0005\000\040\000E\000x\000p\000e\000r\000i\000m\000e\000n\000t\000a\000l\000\040\000S\000t\000u\000d\000y\000\040\000O\000f\000\040\000T\000h\000e\000\040\000C\000o\000s\000t\000\040\000F\000u\000n\000c\000t\000i\000o\000n}{chapter.278}% 58
\BOOKMARK [2][-]{subsection.299}{\376\377\0006\000.\0005\000.\0001\000\040\000G\000e\000n\000e\000r\000a\000l}{section.298}% 59
\BOOKMARK [2][-]{subsection.300}{\376\377\0006\000.\0005\000.\0002\000\040\000P\000u\000l\000s\000e\000\040\000S\000i\000g\000n\000a\000l\000s}{section.298}% 60
\BOOKMARK [2][-]{subsection.311}{\376\377\0006\000.\0005\000.\0003\000\040\000R\000a\000n\000d\000o\000m\000\040\000S\000i\000g\000n\000a\000l\000s}{section.298}% 61
\BOOKMARK [1][-]{section.325}{\376\377\0006\000.\0006\000\040\000P\000e\000r\000f\000o\000r\000m\000a\000n\000c\000e\000\040\000V\000s\000.\000\040\000T\000r\000a\000n\000s\000m\000i\000t\000t\000e\000r\000\040\000P\000o\000s\000i\000t\000i\000o\000n}{chapter.278}% 62
\BOOKMARK [0][-]{chapter.335}{\376\377\0007\000\040\000S\000u\000m\000m\000a\000r\000y\000\040\000a\000n\000d\000\040\000F\000u\000t\000u\000r\000e\000\040\000W\000o\000r\000k}{}% 63
\BOOKMARK [0][-]{dummy.336}{\376\377\000B\000i\000b\000l\000i\000o\000g\000r\000a\000p\000h\000y}{}% 64
